error: operation builder missing .tag() and .summary() calls
  --> $DIR/missing_tag.rs:8:9
   |
LL |         OperationBuilder::post("/resources").operation_id("create_resource");
   |         ^^^^^^^^^^^^^^^^^^^^^^^^^^^^^^^^^^^^
   |
   = help: add .tag("Your Tag") with properly formatted tag
   = note: tags must contain whitespace-separated words, each starting with a capital letter
   = help: add .summary("Your summary") with a meaningful description
   = note: `#[deny(de0205_operation_builder)]` on by default

error: operation builder missing .tag() and .summary() calls
  --> $DIR/missing_tag.rs:12:9
   |
LL |         OperationBuilder::get("/resources/{id}").operation_id("get_resource");
   |         ^^^^^^^^^^^^^^^^^^^^^^^^^^^^^^^^^^^^^^^^
   |
   = help: add .tag("Your Tag") with properly formatted tag
   = note: tags must contain whitespace-separated words, each starting with a capital letter
   = help: add .summary("Your summary") with a meaningful description

error: aborting due to 2 previous errors

